<?xml version="1.0" encoding="UTF-8"?>
<testsuite xmlns:xsi="http://www.w3.org/2001/XMLSchema-instance" xsi:noNamespaceSchemaLocation="https://maven.apache.org/surefire/maven-surefire-plugin/xsd/surefire-test-report.xsd" name="com.p2psim.AppTest" time="0.024" tests="1" errors="0" skipped="0" failures="0">
  <properties>
    <property name="java.specification.version" value="17"/>
    <property name="sun.cpu.isalist" value="amd64"/>
    <property name="sun.jnu.encoding" value="Cp1252"/>
    <property name="java.class.path" value="c:\Users\Felix\workspace\p2psim\target\test-classes;c:\Users\Felix\workspace\p2psim\target\classes;C:\Users\Felix\.m2\repository\junit\junit\4.11\junit-4.11.jar;C:\Users\Felix\.m2\repository\org\hamcrest\hamcrest-core\1.3\hamcrest-core-1.3.jar;C:\Users\Felix\.m2\repository\org\graphstream\gs-core\1.3\gs-core-1.3.jar;C:\Users\Felix\.m2\repository\org\graphstream\pherd\1.0\pherd-1.0.jar;C:\Users\Felix\.m2\repository\org\graphstream\mbox2\1.0\mbox2-1.0.jar;C:\Users\Felix\.m2\repository\org\graphstream\gs-algo\1.3\gs-algo-1.3.jar;C:\Users\Felix\.m2\repository\org\apache\commons\commons-math\2.1\commons-math-2.1.jar;C:\Users\Felix\.m2\repository\org\apache\commons\commons-math3\3.4.1\commons-math3-3.4.1.jar;C:\Users\Felix\.m2\repository\org\jfree\jfreechart\1.0.14\jfreechart-1.0.14.jar;C:\Users\Felix\.m2\repository\org\jfree\jcommon\1.0.17\jcommon-1.0.17.jar;C:\Users\Felix\.m2\repository\xml-apis\xml-apis\1.3.04\xml-apis-1.3.04.jar;C:\Users\Felix\.m2\repository\com\lowagie\itext\2.1.5\itext-2.1.5.jar;C:\Users\Felix\.m2\repository\bouncycastle\bcmail-jdk14\138\bcmail-jdk14-138.jar;C:\Users\Felix\.m2\repository\bouncycastle\bcprov-jdk14\138\bcprov-jdk14-138.jar;C:\Users\Felix\.m2\repository\org\graphstream\gs-ui\1.3\gs-ui-1.3.jar;C:\Users\Felix\.m2\repository\org\scala-lang\scala-library\2.10.1\scala-library-2.10.1.jar;C:\Users\Felix\.m2\repository\org\projectlombok\lombok\1.18.24\lombok-1.18.24.jar;C:\Users\Felix\.m2\repository\org\reflections\reflections\0.10.2\reflections-0.10.2.jar;C:\Users\Felix\.m2\repository\org\javassist\javassist\3.28.0-GA\javassist-3.28.0-GA.jar;C:\Users\Felix\.m2\repository\com\google\code\findbugs\jsr305\3.0.2\jsr305-3.0.2.jar;C:\Users\Felix\.m2\repository\org\slf4j\slf4j-api\1.7.32\slf4j-api-1.7.32.jar;"/>
    <property name="java.vm.vendor" value="Oracle Corporation"/>
    <property name="sun.arch.data.model" value="64"/>
    <property name="user.variant" value=""/>
    <property name="java.vendor.url" value="https://java.oracle.com/"/>
    <property name="user.timezone" value="Europe/Berlin"/>
    <property name="os.name" value="Windows 10"/>
    <property name="java.vm.specification.version" value="17"/>
    <property name="sun.java.launcher" value="SUN_STANDARD"/>
    <property name="user.country" value="DE"/>
    <property name="sun.boot.library.path" value="C:\Program Files\Java\jdk-17\bin"/>
    <property name="sun.java.command" value="C:\Users\Felix\AppData\Local\Temp\surefire13836273162205084489\surefirebooter8237000215932434598.jar C:\Users\Felix\AppData\Local\Temp\surefire13836273162205084489 2022-09-25T22-44-04_511-jvmRun1 surefire15671437254043792913tmp surefire_09387207586441197546tmp"/>
    <property name="jdk.debug" value="release"/>
    <property name="surefire.test.class.path" value="c:\Users\Felix\workspace\p2psim\target\test-classes;c:\Users\Felix\workspace\p2psim\target\classes;C:\Users\Felix\.m2\repository\junit\junit\4.11\junit-4.11.jar;C:\Users\Felix\.m2\repository\org\hamcrest\hamcrest-core\1.3\hamcrest-core-1.3.jar;C:\Users\Felix\.m2\repository\org\graphstream\gs-core\1.3\gs-core-1.3.jar;C:\Users\Felix\.m2\repository\org\graphstream\pherd\1.0\pherd-1.0.jar;C:\Users\Felix\.m2\repository\org\graphstream\mbox2\1.0\mbox2-1.0.jar;C:\Users\Felix\.m2\repository\org\graphstream\gs-algo\1.3\gs-algo-1.3.jar;C:\Users\Felix\.m2\repository\org\apache\commons\commons-math\2.1\commons-math-2.1.jar;C:\Users\Felix\.m2\repository\org\apache\commons\commons-math3\3.4.1\commons-math3-3.4.1.jar;C:\Users\Felix\.m2\repository\org\jfree\jfreechart\1.0.14\jfreechart-1.0.14.jar;C:\Users\Felix\.m2\repository\org\jfree\jcommon\1.0.17\jcommon-1.0.17.jar;C:\Users\Felix\.m2\repository\xml-apis\xml-apis\1.3.04\xml-apis-1.3.04.jar;C:\Users\Felix\.m2\repository\com\lowagie\itext\2.1.5\itext-2.1.5.jar;C:\Users\Felix\.m2\repository\bouncycastle\bcmail-jdk14\138\bcmail-jdk14-138.jar;C:\Users\Felix\.m2\repository\bouncycastle\bcprov-jdk14\138\bcprov-jdk14-138.jar;C:\Users\Felix\.m2\repository\org\graphstream\gs-ui\1.3\gs-ui-1.3.jar;C:\Users\Felix\.m2\repository\org\scala-lang\scala-library\2.10.1\scala-library-2.10.1.jar;C:\Users\Felix\.m2\repository\org\projectlombok\lombok\1.18.24\lombok-1.18.24.jar;C:\Users\Felix\.m2\repository\org\reflections\reflections\0.10.2\reflections-0.10.2.jar;C:\Users\Felix\.m2\repository\org\javassist\javassist\3.28.0-GA\javassist-3.28.0-GA.jar;C:\Users\Felix\.m2\repository\com\google\code\findbugs\jsr305\3.0.2\jsr305-3.0.2.jar;C:\Users\Felix\.m2\repository\org\slf4j\slf4j-api\1.7.32\slf4j-api-1.7.32.jar;"/>
    <property name="sun.cpu.endian" value="little"/>
    <property name="user.home" value="C:\Users\Felix"/>
    <property name="user.language" value="de"/>
    <property name="java.specification.vendor" value="Oracle Corporation"/>
    <property name="java.version.date" value="2021-09-14"/>
    <property name="java.home" value="C:\Program Files\Java\jdk-17"/>
    <property name="file.separator" value="\"/>
    <property name="basedir" value="c:\Users\Felix\workspace\p2psim"/>
    <property name="java.vm.compressedOopsMode" value="Zero based"/>
    <property name="line.separator" value="&#10;"/>
    <property name="java.vm.specification.vendor" value="Oracle Corporation"/>
    <property name="java.specification.name" value="Java Platform API Specification"/>
    <property name="surefire.real.class.path" value="C:\Users\Felix\AppData\Local\Temp\surefire13836273162205084489\surefirebooter8237000215932434598.jar"/>
    <property name="user.script" value=""/>
    <property name="sun.management.compiler" value="HotSpot 64-Bit Tiered Compilers"/>
    <property name="java.runtime.version" value="17+35-LTS-2724"/>
    <property name="user.name" value="Felix"/>
    <property name="path.separator" value=";"/>
    <property name="os.version" value="10.0"/>
    <property name="java.runtime.name" value="Java(TM) SE Runtime Environment"/>
    <property name="file.encoding" value="Cp1252"/>
    <property name="java.vm.name" value="Java HotSpot(TM) 64-Bit Server VM"/>
    <property name="localRepository" value="C:\Users\Felix\.m2\repository"/>
    <property name="java.vendor.url.bug" value="https://bugreport.java.com/bugreport/"/>
    <property name="java.io.tmpdir" value="C:\Users\Felix\AppData\Local\Temp\"/>
    <property name="java.version" value="17"/>
    <property name="user.dir" value="c:\Users\Felix\workspace\p2psim"/>
    <property name="os.arch" value="amd64"/>
    <property name="java.vm.specification.name" value="Java Virtual Machine Specification"/>
    <property name="sun.os.patch.level" value=""/>
    <property name="native.encoding" value="Cp1252"/>
    <property name="java.library.path" value="C:\Program Files\Java\jdk-17\bin;C:\Windows\Sun\Java\bin;C:\Windows\system32;C:\Windows;C:\Python27\;C:\Python27\Scripts;C:\Users\Felix\AppData\Local\Programs\Python\Python310\Scripts\;C:\Users\Felix\AppData\Local\Programs\Python\Python310\;C:\Program Files\Java\jdk-11.0.16\bin;C:\Program Files\Eclipse Foundation\jdk-11.0.12.7-hotspot\bin;C:\Windows\system32;C:\Windows;C:\Windows\System32\Wbem;C:\Windows\System32\WindowsPowerShell\v1.0\;C:\Windows\System32\OpenSSH\;C:\apache-maven-3.6.0\bin;C:\Program Files\PuTTY\;C:\Users\Felix\AppData\Roaming\nvm;C:\Program Files\nodejs;C:\Users\Felix\AppData\Roaming\nvm;C:\Python27;C:\Python27\Scripts;C:\Program Files (x86)\NVIDIA Corporation\PhysX\Common;C:\ProgramData\chocolatey\bin;C:\Program Files\nodejs\;C:\Program Files\Git\cmd;C:\Users\Felix\.windows-build-tools\python27\;C:\Users\Felix\AppData\Roaming\nvm\v16.11.0\node_modules\windows-build-tools\node_modules\.bin;C:\Users\Felix\AppData\Roaming\nvm\v16.11.0\node_modules\node_modules\.bin;C:\Users\Felix\AppData\Roaming\nvm\v16.11.0\node_modules\.bin;C:\Users\Felix\AppData\Roaming\nvm\node_modules\.bin;C:\Users\Felix\AppData\Roaming\node_modules\.bin;C:\Users\Felix\AppData\node_modules\.bin;C:\Users\Felix\node_modules\.bin;C:\Users\node_modules\.bin;C:\node_modules\.bin;C:\Users\Felix\AppData\Roaming\nvm\v16.11.0\node_modules\npm\node_modules\@npmcli\run-script\lib\node-gyp-bin;C:\Users\Felix\AppData\Local\Programs\Python\Python310\Scripts\;C:\Users\Felix\AppData\Local\Programs\Python\Python310\;C:\Program Files\Eclipse Foundation\jdk-11.0.12.7-hotspot\bin;C:\Program Files (x86)\Common Files\Oracle\Java\javapath;C:\Windows\system32;C:\Windows;C:\Windows\System32\Wbem;C:\Windows\System32\WindowsPowerShell\v1.0\;C:\Windows\System32\OpenSSH\;C:\Program Files\Git\cmd;C:\apache-maven-3.8.3\bin;C:\Program Files\PuTTY\;C:\Users\Felix\AppData\Roaming\nvm;C:\Program Files\nodejs;C:\Users\Felix\AppData\Roaming\nvm;C:\Python27;C:\Python27\Scripts;C:\Users\Felix\AppData\Local\Microsoft\WindowsApps;C:\Users\Felix\AppData\Local\Programs\Microsoft VS Code\bin;C:\Users\daro\xampp7\apache\bin\pthreadVC2.dll;C:\Program Files\Graphviz\bin;;."/>
    <property name="java.vm.info" value="mixed mode, sharing"/>
    <property name="java.vendor" value="Oracle Corporation"/>
    <property name="java.vm.version" value="17+35-LTS-2724"/>
    <property name="sun.io.unicode.encoding" value="UnicodeLittle"/>
    <property name="java.class.version" value="61.0"/>
  </properties>
  <testcase name="shouldAnswerWithTrue" classname="com.p2psim.AppTest" time="0.001"/>
</testsuite>